6457435
3456345
898967
345645
73645
67456
67345
56345
45679
24356
24356
23456
12345
6789
6578
6345
5656
4657
3456
3456
1
3
4
5
3
6
6
0
8
12
13
34
53
38
55
3
56
74
78
73
83
87
95
99
73
56
234
52
34
5
23
7
234
23
9
2
1
45
245
7
245
343
0
90
8
4
2
234
52
34
6
356
367
57
98
6
356
7
356
8
67
9
456
563
62
45
245
7
8
563
568
29
367
9
625
7
647
7
56
73
56
7
3
8
38
5
6
345
63
45
63
7
8
345
6
345
63
45
6
3
234
5
243
5
2
34
52
5
2
43
234
34
534
273
684
38
48
37
735
364
2
783
789
3
847
2457
45
63
4
77
34
5
45
43
3
4
54
543
5
34
5
34
5
34
2658
3456
63
456
345
6
34
2
34
234